<?xml version="1.0" encoding="UTF-8"?>
<!-- Generated by org.testng.reporters.JUnitReportReporter -->
<testsuite hostname="Prudhvirajs-Air" failures="0" tests="1" name="SumValidation" time="0.498" errors="0" timestamp="2024-02-18T19:39:19 EST" skipped="0">
  <testcase classname="SumValidation" name="sumofCourse" time="0.498"/>
</testsuite> <!-- SumValidation -->
